Linked: (/home/nvidia/autonomous-driving/ros/devel/.private/qcar/share/gennodejs/ros/qcar/_index.js, /home/nvidia/autonomous-driving/ros/devel/share/gennodejs/ros/qcar/_index.js)
Linked: (/home/nvidia/autonomous-driving/ros/devel/.private/qcar/share/gennodejs/ros/qcar/msg/MotorCommands.js, /home/nvidia/autonomous-driving/ros/devel/share/gennodejs/ros/qcar/msg/MotorCommands.js)
Linked: (/home/nvidia/autonomous-driving/ros/devel/.private/qcar/share/gennodejs/ros/qcar/msg/_index.js, /home/nvidia/autonomous-driving/ros/devel/share/gennodejs/ros/qcar/msg/_index.js)
Linked: (/home/nvidia/autonomous-driving/ros/devel/.private/qcar/share/gennodejs/ros/qcar/msg/ObjectDetections.js, /home/nvidia/autonomous-driving/ros/devel/share/gennodejs/ros/qcar/msg/ObjectDetections.js)
Linked: (/home/nvidia/autonomous-driving/ros/devel/.private/qcar/share/gennodejs/ros/qcar/msg/ObjectDetection.js, /home/nvidia/autonomous-driving/ros/devel/share/gennodejs/ros/qcar/msg/ObjectDetection.js)
Linked: (/home/nvidia/autonomous-driving/ros/devel/.private/qcar/share/common-lisp/ros/qcar/msg/_package_MotorCommands.lisp, /home/nvidia/autonomous-driving/ros/devel/share/common-lisp/ros/qcar/msg/_package_MotorCommands.lisp)
Linked: (/home/nvidia/autonomous-driving/ros/devel/.private/qcar/share/common-lisp/ros/qcar/msg/ObjectDetection.lisp, /home/nvidia/autonomous-driving/ros/devel/share/common-lisp/ros/qcar/msg/ObjectDetection.lisp)
Linked: (/home/nvidia/autonomous-driving/ros/devel/.private/qcar/share/common-lisp/ros/qcar/msg/ObjectDetections.lisp, /home/nvidia/autonomous-driving/ros/devel/share/common-lisp/ros/qcar/msg/ObjectDetections.lisp)
Linked: (/home/nvidia/autonomous-driving/ros/devel/.private/qcar/share/common-lisp/ros/qcar/msg/_package_ObjectDetections.lisp, /home/nvidia/autonomous-driving/ros/devel/share/common-lisp/ros/qcar/msg/_package_ObjectDetections.lisp)
Linked: (/home/nvidia/autonomous-driving/ros/devel/.private/qcar/share/common-lisp/ros/qcar/msg/MotorCommands.lisp, /home/nvidia/autonomous-driving/ros/devel/share/common-lisp/ros/qcar/msg/MotorCommands.lisp)
Linked: (/home/nvidia/autonomous-driving/ros/devel/.private/qcar/share/common-lisp/ros/qcar/msg/_package_ObjectDetection.lisp, /home/nvidia/autonomous-driving/ros/devel/share/common-lisp/ros/qcar/msg/_package_ObjectDetection.lisp)
Linked: (/home/nvidia/autonomous-driving/ros/devel/.private/qcar/share/common-lisp/ros/qcar/msg/qcar-msg.asd, /home/nvidia/autonomous-driving/ros/devel/share/common-lisp/ros/qcar/msg/qcar-msg.asd)
Linked: (/home/nvidia/autonomous-driving/ros/devel/.private/qcar/share/common-lisp/ros/qcar/msg/_package.lisp, /home/nvidia/autonomous-driving/ros/devel/share/common-lisp/ros/qcar/msg/_package.lisp)
Linked: (/home/nvidia/autonomous-driving/ros/devel/.private/qcar/share/qcar/cmake/qcar-msg-paths.cmake, /home/nvidia/autonomous-driving/ros/devel/share/qcar/cmake/qcar-msg-paths.cmake)
Linked: (/home/nvidia/autonomous-driving/ros/devel/.private/qcar/share/qcar/cmake/qcarConfig.cmake, /home/nvidia/autonomous-driving/ros/devel/share/qcar/cmake/qcarConfig.cmake)
Linked: (/home/nvidia/autonomous-driving/ros/devel/.private/qcar/share/qcar/cmake/qcar-msg-extras.cmake, /home/nvidia/autonomous-driving/ros/devel/share/qcar/cmake/qcar-msg-extras.cmake)
Linked: (/home/nvidia/autonomous-driving/ros/devel/.private/qcar/share/qcar/cmake/qcarConfig-version.cmake, /home/nvidia/autonomous-driving/ros/devel/share/qcar/cmake/qcarConfig-version.cmake)
Linked: (/home/nvidia/autonomous-driving/ros/devel/.private/qcar/share/roseus/ros/qcar/manifest.l, /home/nvidia/autonomous-driving/ros/devel/share/roseus/ros/qcar/manifest.l)
Linked: (/home/nvidia/autonomous-driving/ros/devel/.private/qcar/share/roseus/ros/qcar/msg/ObjectDetection.l, /home/nvidia/autonomous-driving/ros/devel/share/roseus/ros/qcar/msg/ObjectDetection.l)
Linked: (/home/nvidia/autonomous-driving/ros/devel/.private/qcar/share/roseus/ros/qcar/msg/ObjectDetections.l, /home/nvidia/autonomous-driving/ros/devel/share/roseus/ros/qcar/msg/ObjectDetections.l)
Linked: (/home/nvidia/autonomous-driving/ros/devel/.private/qcar/share/roseus/ros/qcar/msg/MotorCommands.l, /home/nvidia/autonomous-driving/ros/devel/share/roseus/ros/qcar/msg/MotorCommands.l)
Linked: (/home/nvidia/autonomous-driving/ros/devel/.private/qcar/lib/pkgconfig/qcar.pc, /home/nvidia/autonomous-driving/ros/devel/lib/pkgconfig/qcar.pc)
Linked: (/home/nvidia/autonomous-driving/ros/devel/.private/qcar/lib/python2.7/dist-packages/qcar/__init__.py, /home/nvidia/autonomous-driving/ros/devel/lib/python2.7/dist-packages/qcar/__init__.py)
Linked: (/home/nvidia/autonomous-driving/ros/devel/.private/qcar/lib/python2.7/dist-packages/qcar/msg/_ObjectDetection.py, /home/nvidia/autonomous-driving/ros/devel/lib/python2.7/dist-packages/qcar/msg/_ObjectDetection.py)
Linked: (/home/nvidia/autonomous-driving/ros/devel/.private/qcar/lib/python2.7/dist-packages/qcar/msg/_MotorCommands.py, /home/nvidia/autonomous-driving/ros/devel/lib/python2.7/dist-packages/qcar/msg/_MotorCommands.py)
Linked: (/home/nvidia/autonomous-driving/ros/devel/.private/qcar/lib/python2.7/dist-packages/qcar/msg/_ObjectDetections.py, /home/nvidia/autonomous-driving/ros/devel/lib/python2.7/dist-packages/qcar/msg/_ObjectDetections.py)
Linked: (/home/nvidia/autonomous-driving/ros/devel/.private/qcar/lib/python2.7/dist-packages/qcar/msg/__init__.py, /home/nvidia/autonomous-driving/ros/devel/lib/python2.7/dist-packages/qcar/msg/__init__.py)
Linked: (/home/nvidia/autonomous-driving/ros/devel/.private/qcar/include/qcar/ObjectDetection.h, /home/nvidia/autonomous-driving/ros/devel/include/qcar/ObjectDetection.h)
Linked: (/home/nvidia/autonomous-driving/ros/devel/.private/qcar/include/qcar/MotorCommands.h, /home/nvidia/autonomous-driving/ros/devel/include/qcar/MotorCommands.h)
Linked: (/home/nvidia/autonomous-driving/ros/devel/.private/qcar/include/qcar/ObjectDetections.h, /home/nvidia/autonomous-driving/ros/devel/include/qcar/ObjectDetections.h)
