[35m[1mScanning dependencies of target _qcar_generate_messages_check_deps_MotorCommands[0m
[35m[1mScanning dependencies of target _qcar_generate_messages_check_deps_ObjectDetection[0m
[35m[1mScanning dependencies of target std_msgs_generate_messages_eus[0m
[  0%] Built target std_msgs_generate_messages_eus
[35m[1mScanning dependencies of target _qcar_generate_messages_check_deps_ObjectDetections[0m
[  0%] Built target _qcar_generate_messages_check_deps_MotorCommands
[  0%] Built target _qcar_generate_messages_check_deps_ObjectDetection
[35m[1mScanning dependencies of target std_msgs_generate_messages_nodejs[0m
[35m[1mScanning dependencies of target std_msgs_generate_messages_lisp[0m
[  0%] Built target std_msgs_generate_messages_nodejs
[  0%] Built target std_msgs_generate_messages_lisp
[35m[1mScanning dependencies of target std_msgs_generate_messages_cpp[0m
[  0%] Built target _qcar_generate_messages_check_deps_ObjectDetections
[  0%] Built target std_msgs_generate_messages_cpp
[35m[1mScanning dependencies of target std_msgs_generate_messages_py[0m
[  0%] Built target std_msgs_generate_messages_py
[35m[1mScanning dependencies of target qcar_generate_messages_eus[0m
[  5%] [34m[1mGenerating EusLisp code from qcar/ObjectDetections.msg[0m
[35m[1mScanning dependencies of target qcar_generate_messages_nodejs[0m
[ 11%] [34m[1mGenerating Javascript code from qcar/ObjectDetections.msg[0m
[ 17%] [34m[1mGenerating EusLisp code from qcar/MotorCommands.msg[0m
[ 23%] [34m[1mGenerating Javascript code from qcar/MotorCommands.msg[0m
[ 29%] [34m[1mGenerating Javascript code from qcar/ObjectDetection.msg[0m
[ 35%] [34m[1mGenerating EusLisp code from qcar/ObjectDetection.msg[0m
[ 35%] Built target qcar_generate_messages_nodejs
[ 41%] [34m[1mGenerating EusLisp manifest code for qcar[0m
[35m[1mScanning dependencies of target qcar_generate_messages_lisp[0m
[ 47%] [34m[1mGenerating Lisp code from qcar/ObjectDetections.msg[0m
[ 52%] [34m[1mGenerating Lisp code from qcar/MotorCommands.msg[0m
[ 58%] [34m[1mGenerating Lisp code from qcar/ObjectDetection.msg[0m
[35m[1mScanning dependencies of target qcar_generate_messages_cpp[0m
[ 64%] [34m[1mGenerating C++ code from qcar/ObjectDetections.msg[0m
[ 64%] Built target qcar_generate_messages_lisp
[ 70%] [34m[1mGenerating C++ code from qcar/MotorCommands.msg[0m
[35m[1mScanning dependencies of target qcar_generate_messages_py[0m
[ 76%] [34m[1mGenerating C++ code from qcar/ObjectDetection.msg[0m
[ 82%] [34m[1mGenerating Python from MSG qcar/ObjectDetections[0m
[ 88%] [34m[1mGenerating Python from MSG qcar/MotorCommands[0m
[ 88%] Built target qcar_generate_messages_cpp
[ 94%] [34m[1mGenerating Python from MSG qcar/ObjectDetection[0m
[ 94%] Built target qcar_generate_messages_eus
[100%] [34m[1mGenerating Python msg __init__.py for qcar[0m
[100%] Built target qcar_generate_messages_py
[35m[1mScanning dependencies of target qcar_generate_messages[0m
[100%] Built target qcar_generate_messages
