Symlinking /home/nvidia/autonomous-driving/ros/devel/share/gennodejs/ros/qcar/_index.js
Symlinking /home/nvidia/autonomous-driving/ros/devel/share/gennodejs/ros/qcar/msg/MotorCommands.js
Symlinking /home/nvidia/autonomous-driving/ros/devel/share/gennodejs/ros/qcar/msg/_index.js
Symlinking /home/nvidia/autonomous-driving/ros/devel/share/gennodejs/ros/qcar/msg/ObjectDetections.js
Symlinking /home/nvidia/autonomous-driving/ros/devel/share/gennodejs/ros/qcar/msg/ObjectDetection.js
Symlinking /home/nvidia/autonomous-driving/ros/devel/share/common-lisp/ros/qcar/msg/_package_MotorCommands.lisp
Symlinking /home/nvidia/autonomous-driving/ros/devel/share/common-lisp/ros/qcar/msg/ObjectDetection.lisp
Symlinking /home/nvidia/autonomous-driving/ros/devel/share/common-lisp/ros/qcar/msg/ObjectDetections.lisp
Symlinking /home/nvidia/autonomous-driving/ros/devel/share/common-lisp/ros/qcar/msg/_package_ObjectDetections.lisp
Symlinking /home/nvidia/autonomous-driving/ros/devel/share/common-lisp/ros/qcar/msg/MotorCommands.lisp
Symlinking /home/nvidia/autonomous-driving/ros/devel/share/common-lisp/ros/qcar/msg/_package_ObjectDetection.lisp
Symlinking /home/nvidia/autonomous-driving/ros/devel/share/common-lisp/ros/qcar/msg/qcar-msg.asd
Symlinking /home/nvidia/autonomous-driving/ros/devel/share/common-lisp/ros/qcar/msg/_package.lisp
Symlinking /home/nvidia/autonomous-driving/ros/devel/share/qcar/cmake/qcar-msg-paths.cmake
Symlinking /home/nvidia/autonomous-driving/ros/devel/share/qcar/cmake/qcarConfig.cmake
Symlinking /home/nvidia/autonomous-driving/ros/devel/share/qcar/cmake/qcar-msg-extras.cmake
Symlinking /home/nvidia/autonomous-driving/ros/devel/share/qcar/cmake/qcarConfig-version.cmake
Symlinking /home/nvidia/autonomous-driving/ros/devel/share/roseus/ros/qcar/manifest.l
Symlinking /home/nvidia/autonomous-driving/ros/devel/share/roseus/ros/qcar/msg/ObjectDetection.l
Symlinking /home/nvidia/autonomous-driving/ros/devel/share/roseus/ros/qcar/msg/ObjectDetections.l
Symlinking /home/nvidia/autonomous-driving/ros/devel/share/roseus/ros/qcar/msg/MotorCommands.l
Symlinking /home/nvidia/autonomous-driving/ros/devel/lib/pkgconfig/qcar.pc
Symlinking /home/nvidia/autonomous-driving/ros/devel/lib/python2.7/dist-packages/qcar/__init__.py
Symlinking /home/nvidia/autonomous-driving/ros/devel/lib/python2.7/dist-packages/qcar/msg/_ObjectDetection.py
Symlinking /home/nvidia/autonomous-driving/ros/devel/lib/python2.7/dist-packages/qcar/msg/_MotorCommands.py
Symlinking /home/nvidia/autonomous-driving/ros/devel/lib/python2.7/dist-packages/qcar/msg/_ObjectDetections.py
Symlinking /home/nvidia/autonomous-driving/ros/devel/lib/python2.7/dist-packages/qcar/msg/__init__.py
Symlinking /home/nvidia/autonomous-driving/ros/devel/include/qcar/ObjectDetection.h
Symlinking /home/nvidia/autonomous-driving/ros/devel/include/qcar/MotorCommands.h
Symlinking /home/nvidia/autonomous-driving/ros/devel/include/qcar/ObjectDetections.h
