[35m[1mScanning dependencies of target sensor_msgs_generate_messages_nodejs[0m
[35m[1mScanning dependencies of target std_msgs_generate_messages_nodejs[0m
[35m[1mScanning dependencies of target _qcar_perception_generate_messages_check_deps_ObjectDetections2D[0m
[  0%] Built target sensor_msgs_generate_messages_nodejs
[  0%] Built target std_msgs_generate_messages_nodejs
[35m[1mScanning dependencies of target _qcar_perception_generate_messages_check_deps_BoundingBox2D[0m
[35m[1mScanning dependencies of target std_msgs_generate_messages_py[0m
[  0%] Built target _qcar_perception_generate_messages_check_deps_ObjectDetections2D
[  0%] Built target std_msgs_generate_messages_py
[35m[1mScanning dependencies of target sensor_msgs_generate_messages_py[0m
[35m[1mScanning dependencies of target sensor_msgs_generate_messages_cpp[0m
[  0%] Built target _qcar_perception_generate_messages_check_deps_BoundingBox2D
[  0%] Built target sensor_msgs_generate_messages_py
[  0%] Built target sensor_msgs_generate_messages_cpp
[35m[1mScanning dependencies of target sensor_msgs_generate_messages_eus[0m
[35m[1mScanning dependencies of target std_msgs_generate_messages_cpp[0m
[35m[1mScanning dependencies of target std_msgs_generate_messages_eus[0m
[  0%] Built target sensor_msgs_generate_messages_eus
[  0%] Built target std_msgs_generate_messages_cpp
[  0%] Built target std_msgs_generate_messages_eus
[35m[1mScanning dependencies of target std_msgs_generate_messages_lisp[0m
[35m[1mScanning dependencies of target sensor_msgs_generate_messages_lisp[0m
[35m[1mScanning dependencies of target qcar_perception_generate_messages_nodejs[0m
[  0%] Built target sensor_msgs_generate_messages_lisp
[  0%] Built target std_msgs_generate_messages_lisp
[35m[1mScanning dependencies of target qcar_perception_generate_messages_cpp[0m
[  8%] [34m[1mGenerating Javascript code from qcar_perception/ObjectDetections2D.msg[0m
[ 16%] [34m[1mGenerating C++ code from qcar_perception/ObjectDetections2D.msg[0m
[35m[1mScanning dependencies of target qcar_perception_generate_messages_py[0m
[ 25%] [34m[1mGenerating Python from MSG qcar_perception/ObjectDetections2D[0m
[ 33%] [34m[1mGenerating Javascript code from qcar_perception/BoundingBox2D.msg[0m
[ 33%] Built target qcar_perception_generate_messages_nodejs
[ 41%] [34m[1mGenerating C++ code from qcar_perception/BoundingBox2D.msg[0m
[35m[1mScanning dependencies of target qcar_perception_generate_messages_eus[0m
[35m[1mScanning dependencies of target qcar_perception_generate_messages_lisp[0m
[ 50%] [34m[1mGenerating Lisp code from qcar_perception/ObjectDetections2D.msg[0m
[ 58%] [34m[1mGenerating Python from MSG qcar_perception/BoundingBox2D[0m
[ 66%] [34m[1mGenerating EusLisp code from qcar_perception/ObjectDetections2D.msg[0m
[ 75%] [34m[1mGenerating Lisp code from qcar_perception/BoundingBox2D.msg[0m
[ 75%] Built target qcar_perception_generate_messages_lisp
[ 83%] [34m[1mGenerating EusLisp code from qcar_perception/BoundingBox2D.msg[0m
[ 91%] [34m[1mGenerating EusLisp manifest code for qcar_perception[0m
[100%] [34m[1mGenerating Python msg __init__.py for qcar_perception[0m
[100%] Built target qcar_perception_generate_messages_cpp
[100%] Built target qcar_perception_generate_messages_py
[100%] Built target qcar_perception_generate_messages_eus
[35m[1mScanning dependencies of target qcar_perception_generate_messages[0m
[100%] Built target qcar_perception_generate_messages
