Symlinking /home/nvidia/autonomous-driving/ros/devel/share/gennodejs/ros/qcar_perception/_index.js
Symlinking /home/nvidia/autonomous-driving/ros/devel/share/gennodejs/ros/qcar_perception/msg/ObjectDetections2D.js
Symlinking /home/nvidia/autonomous-driving/ros/devel/share/gennodejs/ros/qcar_perception/msg/_index.js
Symlinking /home/nvidia/autonomous-driving/ros/devel/share/gennodejs/ros/qcar_perception/msg/BoundingBox2D.js
Symlinking /home/nvidia/autonomous-driving/ros/devel/share/qcar_perception/cmake/qcar_perception-msg-extras.cmake
Symlinking /home/nvidia/autonomous-driving/ros/devel/share/qcar_perception/cmake/qcar_perception-msg-paths.cmake
Symlinking /home/nvidia/autonomous-driving/ros/devel/share/qcar_perception/cmake/qcar_perceptionConfig-version.cmake
Symlinking /home/nvidia/autonomous-driving/ros/devel/share/qcar_perception/cmake/qcar_perceptionConfig.cmake
Symlinking /home/nvidia/autonomous-driving/ros/devel/share/common-lisp/ros/qcar_perception/msg/qcar_perception-msg.asd
Symlinking /home/nvidia/autonomous-driving/ros/devel/share/common-lisp/ros/qcar_perception/msg/ObjectDetections2D.lisp
Symlinking /home/nvidia/autonomous-driving/ros/devel/share/common-lisp/ros/qcar_perception/msg/BoundingBox2D.lisp
Symlinking /home/nvidia/autonomous-driving/ros/devel/share/common-lisp/ros/qcar_perception/msg/_package_ObjectDetections2D.lisp
Symlinking /home/nvidia/autonomous-driving/ros/devel/share/common-lisp/ros/qcar_perception/msg/_package_BoundingBox2D.lisp
Symlinking /home/nvidia/autonomous-driving/ros/devel/share/common-lisp/ros/qcar_perception/msg/_package.lisp
Symlinking /home/nvidia/autonomous-driving/ros/devel/share/roseus/ros/qcar_perception/manifest.l
Symlinking /home/nvidia/autonomous-driving/ros/devel/share/roseus/ros/qcar_perception/msg/BoundingBox2D.l
Symlinking /home/nvidia/autonomous-driving/ros/devel/share/roseus/ros/qcar_perception/msg/ObjectDetections2D.l
Symlinking /home/nvidia/autonomous-driving/ros/devel/lib/pkgconfig/qcar_perception.pc
Symlinking /home/nvidia/autonomous-driving/ros/devel/lib/python2.7/dist-packages/qcar_perception/__init__.py
Symlinking /home/nvidia/autonomous-driving/ros/devel/lib/python2.7/dist-packages/qcar_perception/msg/_BoundingBox2D.py
Symlinking /home/nvidia/autonomous-driving/ros/devel/lib/python2.7/dist-packages/qcar_perception/msg/__init__.py
Symlinking /home/nvidia/autonomous-driving/ros/devel/lib/python2.7/dist-packages/qcar_perception/msg/_ObjectDetections2D.py
Symlinking /home/nvidia/autonomous-driving/ros/devel/include/qcar_perception/ObjectDetections2D.h
Symlinking /home/nvidia/autonomous-driving/ros/devel/include/qcar_perception/BoundingBox2D.h
